 
   ?- wild(confused).

Processing logfile...


 * New workflow : confused
 * No agent taxonomy file confused.tax.
Incorporating case # 1 (video1100022049) by user 'none' into workflow 'confused'
New Tasks: ..................
NewTransitions: ................................................................................................................................................................................................................................................................................................................................................
Incorporating case # 2 (video1100152070) by user 'none' into workflow 'confused'
New Tasks: .
NewTransitions: ..................................................................................................................................................................
Incorporating case # 3 (video1100161038) by user 'none' into workflow 'confused'
New Tasks: 
NewTransitions: .................................................................................................................................................
Incorporating case # 4 (video1100161045) by user 'none' into workflow 'confused'
New Tasks: ..
NewTransitions: ............................................................................................................................................................................................................................................................................
Incorporating case # 5 (video1110031056) by user 'none' into workflow 'confused'
New Tasks: 
NewTransitions: ..............................................................................................................................................................
Incorporating case # 6 (video1110032004) by user 'none' into workflow 'confused'
New Tasks: .
NewTransitions: ................................................................................................................................................................................................................
Incorporating case # 7 (video1110032055) by user 'none' into workflow 'confused'
New Tasks: 
NewTransitions: ......................................................................................................................................................................................................................
Incorporating case # 8 (video2000502090) by user 'none' into workflow 'confused'
New Tasks: 
NewTransitions: ................................................................................................................................................................................................................................
Incorporating case # 9 (video2056010224) by user 'none' into workflow 'confused'
New Tasks: 
NewTransitions: ..............................................................................................................................................................................................
Incorporating case # 10 (video2056010252) by user 'none' into workflow 'confused'
New Tasks: 
NewTransitions: .....................................................................................................................................................................................................................
Incorporating case # 11 (video2056010272) by user 'none' into workflow 'confused'
New Tasks: 
NewTransitions: ...........................................................................................................................................
Incorporating case # 12 (video2056010279) by user 'none' into workflow 'confused'
New Tasks: 
NewTransitions: .............................................................................................................................................
Incorporating case # 13 (video2100531054) by user 'none' into workflow 'confused'
New Tasks: 
NewTransitions: .............................................................................................................................................................................................
Incorporating case # 14 (video2100551079) by user 'none' into workflow 'confused'
New Tasks: 
NewTransitions: .....................................................................................................................................................................................................................................
Incorporating case # 15 (video2100552017) by user 'none' into workflow 'confused'
New Tasks: 
NewTransitions: ...........................................................................................................................................................................................................................................................
Incorporating case # 16 (video2100572038) by user 'none' into workflow 'confused'
New Tasks: 
NewTransitions: ....................................................
Incorporating case # 17 (video2100601018) by user 'none' into workflow 'confused'
New Tasks: 
NewTransitions: .......................................................................................
Incorporating case # 18 (video2100602014) by user 'none' into workflow 'confused'
New Tasks: 
NewTransitions: ...............................................................................................................
Incorporating case # 19 (video2100612009) by user 'none' into workflow 'confused'
New Tasks: 
NewTransitions: ........................................................................................................................................................
Incorporating case # 20 (video3100621037) by user 'none' into workflow 'confused'
New Tasks: 
NewTransitions: ................................................................................................................................................................
Incorporating case # 21 (video3100622024) by user 'none' into workflow 'confused'
New Tasks: 
NewTransitions: ...................................................................................................
Incorporating case # 22 (video3100661036) by user 'none' into workflow 'confused'
New Tasks: 
NewTransitions: ....................................................................................................................................................................................
Incorporating case # 23 (video3100752004) by user 'none' into workflow 'confused'
New Tasks: 
NewTransitions: ...........................................................................................................................................
Incorporating case # 24 (video3100771001) by user 'none' into workflow 'confused'
New Tasks: 
NewTransitions: ................................................................................................
Incorporating case # 25 (video3100771007) by user 'none' into workflow 'confused'
New Tasks: 
NewTransitions: ....................................................................................................................................
Incorporating case # 26 (video3100771022) by user 'none' into workflow 'confused'
New Tasks: 
NewTransitions: ........................................................................................................................................
Incorporating case # 27 (video3503610127) by user 'none' into workflow 'confused'
New Tasks: 
NewTransitions: .............................................................................................
Incorporating case # 28 (video3503610168) by user 'none' into workflow 'confused'
New Tasks: 
NewTransitions: ...................................................................................................................
Incorporating case # 29 (video4100191012) by user 'none' into workflow 'confused'
New Tasks: 
NewTransitions: ............................................................................................................................................................................
Incorporating case # 30 (video4100192037) by user 'none' into workflow 'confused'
New Tasks: 
NewTransitions: ........................................................................................................................................................
Incorporating case # 31 (video4100201039) by user 'none' into workflow 'confused'
New Tasks: 
NewTransitions: ................................................................................................................................................................................
Incorporating case # 32 (video4100202046) by user 'none' into workflow 'confused'
New Tasks: 
NewTransitions: ................................................................................................
Incorporating case # 33 (video4100242063) by user 'none' into workflow 'confused'
New Tasks: 
NewTransitions: ...............................................................................................................................................................................................................
Incorporating case # 34 (video4100262060) by user 'none' into workflow 'confused'
New Tasks: 
NewTransitions: ...........................................................................................................................
Incorporating case # 35 (video4100282004) by user 'none' into workflow 'confused'
New Tasks: 
NewTransitions: ..........................................................................................................................................................................
Incorporating case # 36 (video4100282005) by user 'none' into workflow 'confused'
New Tasks: 
NewTransitions: ..........................................................................................................................................
Incorporating case # 37 (video4100282009) by user 'none' into workflow 'confused'
New Tasks: 
NewTransitions: .......................................................................................................
Incorporating case # 38 (video4100291048) by user 'none' into workflow 'confused'
New Tasks: 
NewTransitions: ..............................................................................................................
Incorporating case # 39 (video4110211009) by user 'none' into workflow 'confused'
New Tasks: 
NewTransitions: ............................................................................................................................
Incorporating case # 40 (video4110211036) by user 'none' into workflow 'confused'
New Tasks: 
NewTransitions: ................................................................................................................................................................................
Incorporating case # 41 (video4110211043) by user 'none' into workflow 'confused'
New Tasks: 
NewTransitions: ......................................................................................................................................................................
Incorporating case # 42 (video5000952016) by user 'none' into workflow 'confused'
New Tasks: 
NewTransitions: .....................................................................................................................................
Incorporating case # 43 (video5000952034) by user 'none' into workflow 'confused'
New Tasks: 
NewTransitions: .........................................................................................................................................................
Incorporating case # 44 (video5100371056) by user 'none' into workflow 'confused'
New Tasks: 
NewTransitions: ............................................................................................................................
Incorporating case # 45 (video5100452016) by user 'none' into workflow 'confused'
New Tasks: 
NewTransitions: ..........................................................................................................................
Incorporating case # 46 (video5100471044) by user 'none' into workflow 'confused'
New Tasks: 
NewTransitions: ..............................................................................................................................................................................................................
Incorporating case # 47 (video5100471059) by user 'none' into workflow 'confused'
New Tasks: 
NewTransitions: ..............................................................................................................................................................................................................................
Incorporating case # 48 (video5100472001) by user 'none' into workflow 'confused'
New Tasks: 
NewTransitions: ............................................................................................................................................................................
Incorporating case # 49 (video5674960234) by user 'none' into workflow 'confused'
New Tasks: 
NewTransitions: ................................................................................................................................
Incorporating case # 50 (video79940201390) by user 'none' into workflow 'confused'
New Tasks: 
NewTransitions: .................................................................................................................
Runtime: 3248934

Dumping workflow 'confused': training cases (file confused.wch), model (file confused.wf)
yes
   ?- 
