   ?- wild(bored).

Processing logfile...


 * New workflow : bored
 * No agent taxonomy file bored.tax.
Incorporating case # 1 (video1100062046) by user 'none' into workflow 'bored'
New Tasks: ...............
NewTransitions: ...................................................................................................................................................................
Incorporating case # 2 (video1100071075) by user 'none' into workflow 'bored'
New Tasks: ..
NewTransitions: ....................................................................................................................................................
Incorporating case # 3 (video1100152026) by user 'none' into workflow 'bored'
New Tasks: ..
NewTransitions: ......................................................................................................................................................................................
Incorporating case # 4 (video1110031011) by user 'none' into workflow 'bored'
New Tasks: .
NewTransitions: ...............................................................................................................................................................
Incorporating case # 5 (video1110032053) by user 'none' into workflow 'bored'
New Tasks: .
NewTransitions: ................................................................................................................................
Incorporating case # 6 (video2000501028) by user 'none' into workflow 'bored'
New Tasks: 
NewTransitions: ....................................................................................................................................................................................
Incorporating case # 7 (video2000501031) by user 'none' into workflow 'bored'
New Tasks: 
NewTransitions: .......................................................................................................................................................................
Incorporating case # 8 (video2000502019) by user 'none' into workflow 'bored'
New Tasks: .
NewTransitions: ........................................................................................................................................................................................................
Incorporating case # 9 (video2000502043) by user 'none' into workflow 'bored'
New Tasks: 
NewTransitions: ..................................................................................................................................................................................
Incorporating case # 10 (video2000502061) by user 'none' into workflow 'bored'
New Tasks: 
NewTransitions: .............................................................................................................................................................................................................................
Incorporating case # 11 (video2056010134) by user 'none' into workflow 'bored'
New Tasks: 
NewTransitions: .................................................................................................................................................................................................................
Incorporating case # 12 (video2100511015) by user 'none' into workflow 'bored'
New Tasks: 
NewTransitions: ...........................................................................................................................................
Incorporating case # 13 (video2100512064) by user 'none' into workflow 'bored'
New Tasks: 
NewTransitions: .............................................................................................................................................
Incorporating case # 14 (video2100551032) by user 'none' into workflow 'bored'
New Tasks: 
NewTransitions: ..................................................................................................................................................................................................................................................................
Incorporating case # 15 (video2100551042) by user 'none' into workflow 'bored'
New Tasks: 
NewTransitions: .........................................................................................................................................................................................................................
Incorporating case # 16 (video2100552065) by user 'none' into workflow 'bored'
New Tasks: 
NewTransitions: ....................................................................................................................................................................................................................................
Incorporating case # 17 (video2100571051) by user 'none' into workflow 'bored'
New Tasks: 
NewTransitions: ......................................................................................
Incorporating case # 18 (video2100572023) by user 'none' into workflow 'bored'
New Tasks: 
NewTransitions: .......................................
Incorporating case # 19 (video2100581071) by user 'none' into workflow 'bored'
New Tasks: 
NewTransitions: ................................................................................................................................................
Incorporating case # 20 (video2100582055) by user 'none' into workflow 'bored'
New Tasks: 
NewTransitions: ...............................................................................................................................................................................................................................................
Incorporating case # 21 (video2100601074) by user 'none' into workflow 'bored'
New Tasks: 
NewTransitions: ............................
Incorporating case # 22 (video303830131) by user 'none' into workflow 'bored'
New Tasks: 
NewTransitions: .....................................................................................................................................................
Incorporating case # 23 (video3100702019) by user 'none' into workflow 'bored'
New Tasks: 
NewTransitions: .....................................................................................................................................
Incorporating case # 24 (video3100751016) by user 'none' into workflow 'bored'
New Tasks: 
NewTransitions: ...................................................................................................
Incorporating case # 25 (video3100752007) by user 'none' into workflow 'bored'
New Tasks: 
NewTransitions: ................................................................................
Incorporating case # 26 (video3100752038) by user 'none' into workflow 'bored'
New Tasks: 
NewTransitions: ...........................................................................................
Incorporating case # 27 (video3100792040) by user 'none' into workflow 'bored'
New Tasks: 
NewTransitions: .............................................................................................................................................................................
Incorporating case # 28 (video3100821045) by user 'none' into workflow 'bored'
New Tasks: 
NewTransitions: .....................................................................................................................................................................................................................................................
Incorporating case # 29 (video3100831033) by user 'none' into workflow 'bored'
New Tasks: 
NewTransitions: ...........................................................................
Incorporating case # 30 (video4000181032) by user 'none' into workflow 'bored'
New Tasks: 
NewTransitions: .................................................................................................................................................
Incorporating case # 31 (video4000221055) by user 'none' into workflow 'bored'
New Tasks: 
NewTransitions: ...................................................................................
Incorporating case # 32 (video4100192034) by user 'none' into workflow 'bored'
New Tasks: 
NewTransitions: ...............................................................................................................................................................................
Incorporating case # 33 (video4100192050) by user 'none' into workflow 'bored'
New Tasks: 
NewTransitions: ........................................................................................................................................................
Incorporating case # 34 (video4100201034) by user 'none' into workflow 'bored'
New Tasks: 
NewTransitions: ..............................................................................................................................................................
Incorporating case # 35 (video4100202040) by user 'none' into workflow 'bored'
New Tasks: 
NewTransitions: ...........................................................................................
Incorporating case # 36 (video4100242067) by user 'none' into workflow 'bored'
New Tasks: 
NewTransitions: ......................................................................................................................................
Incorporating case # 37 (video4100251057) by user 'none' into workflow 'bored'
New Tasks: 
NewTransitions: .................................................................................................................................................
Incorporating case # 38 (video4100281053) by user 'none' into workflow 'bored'
New Tasks: 
NewTransitions: .......................................................................................................................................
Incorporating case # 39 (video4100282058) by user 'none' into workflow 'bored'
New Tasks: 
NewTransitions: ..................................................................................................................................................
Incorporating case # 40 (video4100292016) by user 'none' into workflow 'bored'
New Tasks: 
NewTransitions: ............................................................
Incorporating case # 41 (video4110211053) by user 'none' into workflow 'bored'
New Tasks: 
NewTransitions: ..................................................................................................
Incorporating case # 42 (video4599990211) by user 'none' into workflow 'bored'
New Tasks: 
NewTransitions: ..................................................................................................................................
Incorporating case # 43 (video5000392020) by user 'none' into workflow 'bored'
New Tasks: 
NewTransitions: .......................................................................................
Incorporating case # 44 (video5000392047) by user 'none' into workflow 'bored'
New Tasks: 
NewTransitions: ....................................................................................
Incorporating case # 45 (video5100341017) by user 'none' into workflow 'bored'
New Tasks: 
NewTransitions: ................................................................................................................
Incorporating case # 46 (video5100342030) by user 'none' into workflow 'bored'
New Tasks: 
NewTransitions: ..........................................................................................................................
Incorporating case # 47 (video5100351002) by user 'none' into workflow 'bored'
New Tasks: 
NewTransitions: ............................................................................................................
Incorporating case # 48 (video5100351035) by user 'none' into workflow 'bored'
New Tasks: 
NewTransitions: ...................................................................................................
Incorporating case # 49 (video5100401029) by user 'none' into workflow 'bored'
New Tasks: 
NewTransitions: .................................................................................................................................
Incorporating case # 50 (video8264120169) by user 'none' into workflow 'bored'
New Tasks: 
NewTransitions: ...............................................................................................................................................................
Runtime: 2475134

Dumping workflow 'bored': training cases (file bored.wch), model (file bored.wf)
yes
   ?- 
 
