   ?- wild(engaged).

Processing logfile...


 * New workflow : engaged
 * No agent taxonomy file engaged.tax.
Incorporating case # 1 (video1100111003) by user 'none' into workflow 'engaged'
New Tasks: .................
NewTransitions: .........................................................................................................................................................................................................................................................................................
Incorporating case # 2 (video1100171013) by user 'none' into workflow 'engaged'
New Tasks: ....
NewTransitions: ..................................................................................................................................................................................................................................................................
Incorporating case # 3 (video1110031048) by user 'none' into workflow 'engaged'
New Tasks: 
NewTransitions: .....................................................................................................................................
Incorporating case # 4 (video1813740219) by user 'none' into workflow 'engaged'
New Tasks: .
NewTransitions: ...................................................................................................................................................................................................................
Incorporating case # 5 (video2000491072) by user 'none' into workflow 'engaged'
New Tasks: 
NewTransitions: ...........................................................................................................................................................................................................................................................................................................................................
Incorporating case # 6 (video2000502047) by user 'none' into workflow 'engaged'
New Tasks: 
NewTransitions: ......................................................................................................................................................
Incorporating case # 7 (video2056010225) by user 'none' into workflow 'engaged'
New Tasks: 
NewTransitions: ..........................................................................................................................................................................................................
Incorporating case # 8 (video2100531076) by user 'none' into workflow 'engaged'
New Tasks: 
NewTransitions: ...............................................................................................................................................................................
Incorporating case # 9 (video2100532032) by user 'none' into workflow 'engaged'
New Tasks: 
NewTransitions: ........................................................................................................
Incorporating case # 10 (video2100561057) by user 'none' into workflow 'engaged'
New Tasks: 
NewTransitions: ..........................................................................................................................................................................................................................................................................
Incorporating case # 11 (video2100571075) by user 'none' into workflow 'engaged'
New Tasks: 
NewTransitions: ...............................................................................................................
Incorporating case # 12 (video2100591025) by user 'none' into workflow 'engaged'
New Tasks: 
NewTransitions: ..............................................................................................................................................................................................................
Incorporating case # 13 (video2100592056) by user 'none' into workflow 'engaged'
New Tasks: 
NewTransitions: ...........................................................................................................................
Incorporating case # 14 (video2100601016) by user 'none' into workflow 'engaged'
New Tasks: 
NewTransitions: ..............................................................................................................
Incorporating case # 15 (video2100601029) by user 'none' into workflow 'engaged'
New Tasks: 
NewTransitions: .................................................................................
Incorporating case # 16 (video2100612066) by user 'none' into workflow 'engaged'
New Tasks: 
NewTransitions: ......................................................................................................................................................................................................
Incorporating case # 17 (video29042802350) by user 'none' into workflow 'engaged'
New Tasks: 
NewTransitions: ......................................................................................................................................
Incorporating case # 18 (video3100622007) by user 'none' into workflow 'engaged'
New Tasks: 
NewTransitions: ..............................................................................................................
Incorporating case # 19 (video3100622038) by user 'none' into workflow 'engaged'
New Tasks: 
NewTransitions: ........................................................................................................................
Incorporating case # 20 (video3100722059) by user 'none' into workflow 'engaged'
New Tasks: 
NewTransitions: ...........................................................................................................................................................................................................................................
Incorporating case # 21 (video3100742044) by user 'none' into workflow 'engaged'
New Tasks: 
NewTransitions: ..........................................................................................................................................................
Incorporating case # 22 (video3100742046) by user 'none' into workflow 'engaged'
New Tasks: 
NewTransitions: .....................................................................................................................
Incorporating case # 23 (video3100751021) by user 'none' into workflow 'engaged'
New Tasks: 
NewTransitions: ..........................................................
Incorporating case # 24 (video3100761019) by user 'none' into workflow 'engaged'
New Tasks: 
NewTransitions: ..........................................................................................................................................................
Incorporating case # 25 (video3100771047) by user 'none' into workflow 'engaged'
New Tasks: 
NewTransitions: .............................................................................................................................................................
Incorporating case # 26 (video3344630142) by user 'none' into workflow 'engaged'
New Tasks: 
NewTransitions: .............................................................................................................
Incorporating case # 27 (video342227020) by user 'none' into workflow 'engaged'
New Tasks: 
NewTransitions: ................................................................................................
Incorporating case # 28 (video3503610126) by user 'none' into workflow 'engaged'
New Tasks: 
NewTransitions: .................................................................................................
Incorporating case # 29 (video4000301064) by user 'none' into workflow 'engaged'
New Tasks: 
NewTransitions: .......................................................................................................................................................................................................................................
Incorporating case # 30 (video4000332032) by user 'none' into workflow 'engaged'
New Tasks: 
NewTransitions: .........................................................................................................................................
Incorporating case # 31 (video4100202063) by user 'none' into workflow 'engaged'
New Tasks: 
NewTransitions: .................................................................................................
Incorporating case # 32 (video4100282012) by user 'none' into workflow 'engaged'
New Tasks: 
NewTransitions: ........................................................................................................................................................................
Incorporating case # 33 (video4110311042) by user 'none' into workflow 'engaged'
New Tasks: 
NewTransitions: .....................................................................................................................................................................
Incorporating case # 34 (video4140810146) by user 'none' into workflow 'engaged'
New Tasks: 
NewTransitions: ...........................................................................................................................
Incorporating case # 35 (video414081016) by user 'none' into workflow 'engaged'
New Tasks: 
NewTransitions: ......................................................................................................................................
Incorporating case # 36 (video4140810273) by user 'none' into workflow 'engaged'
New Tasks: 
NewTransitions: ..............................................................................................................................................................................................................................................
Incorporating case # 37 (video5000391035) by user 'none' into workflow 'engaged'
New Tasks: 
NewTransitions: ........................................................................................................
Incorporating case # 38 (video5000431023) by user 'none' into workflow 'engaged'
New Tasks: 
NewTransitions: ......................................................................................................................................................................................
Incorporating case # 39 (video5100382048) by user 'none' into workflow 'engaged'
New Tasks: 
NewTransitions: ...................................................................................................................................................................................................
Incorporating case # 40 (video5100471002) by user 'none' into workflow 'engaged'
New Tasks: 
NewTransitions: ................................................................................................................................................................................
Incorporating case # 41 (video5221290164) by user 'none' into workflow 'engaged'
New Tasks: 
NewTransitions: ......................................................................................................................................
Incorporating case # 42 (video556463026) by user 'none' into workflow 'engaged'
New Tasks: 
NewTransitions: .................................................................................................
Incorporating case # 43 (video5912920158) by user 'none' into workflow 'engaged'
New Tasks: 
NewTransitions: .........................................................................................................................
Incorporating case # 44 (video5912920240) by user 'none' into workflow 'engaged'
New Tasks: 
NewTransitions: .............................................................................................
Incorporating case # 45 (video7698620221) by user 'none' into workflow 'engaged'
New Tasks: 
NewTransitions: .....................................................................................................................................
Incorporating case # 46 (video79940202190) by user 'none' into workflow 'engaged'
New Tasks: 
NewTransitions: ......................................................................................................
Incorporating case # 47 (video79940202410) by user 'none' into workflow 'engaged'
New Tasks: 
NewTransitions: ........................................................................................................
Incorporating case # 48 (video8264120234) by user 'none' into workflow 'engaged'
New Tasks: 
NewTransitions: .................................................................................
Incorporating case # 49 (video8826540240) by user 'none' into workflow 'engaged'
New Tasks: 
NewTransitions: ..................................................................................................................
Incorporating case # 50 (video928901026) by user 'none' into workflow 'engaged'
New Tasks: 
NewTransitions: ......................................................................................................................................................................................................................
Runtime: 3640396

Dumping workflow 'engaged': training cases (file engaged.wch), model (file engaged.wf)
yes
   ?- 
 
