   ?- wild(frustrated).

Processing logfile...


 * New workflow : frustrated
 * No agent taxonomy file frustrated.tax.
Incorporating case # 1 (video1100052051) by user 'none' into workflow 'frustrated'
New Tasks: ..................
NewTransitions: ........................................................................................................................................................................................................................................................................................
Incorporating case # 2 (video1100171031) by user 'none' into workflow 'frustrated'
New Tasks: ..
NewTransitions: ....................................................................................................................................................................................................
Incorporating case # 3 (video1110031033) by user 'none' into workflow 'frustrated'
New Tasks: .
NewTransitions: ......................................................................................................................................................................................
Incorporating case # 4 (video1110032034) by user 'none' into workflow 'frustrated'
New Tasks: 
NewTransitions: ....................................................................................................................................................
Incorporating case # 5 (video1110032037) by user 'none' into workflow 'frustrated'
New Tasks: .
NewTransitions: ............................................................................................................................................................................................................................
Incorporating case # 6 (video1110032042) by user 'none' into workflow 'frustrated'
New Tasks: 
NewTransitions: ...................................................................................................................
Incorporating case # 7 (video1110032043) by user 'none' into workflow 'frustrated'
New Tasks: 
NewTransitions: ..........................................................................................................
Incorporating case # 8 (video1110032063) by user 'none' into workflow 'frustrated'
New Tasks: 
NewTransitions: ............................................................................................................
Incorporating case # 9 (video1813740143) by user 'none' into workflow 'frustrated'
New Tasks: 
NewTransitions: ......................................................................................................................
Incorporating case # 10 (video2100522046) by user 'none' into workflow 'frustrated'
New Tasks: 
NewTransitions: ................................................................................................................................................................................
Incorporating case # 11 (video2100552035) by user 'none' into workflow 'frustrated'
New Tasks: 
NewTransitions: ..............................................................................................................................................................................................................................................................
Incorporating case # 12 (video2100552063) by user 'none' into workflow 'frustrated'
New Tasks: 
NewTransitions: .................................................................................................................................................................................................................
Incorporating case # 13 (video2100571044) by user 'none' into workflow 'frustrated'
New Tasks: 
NewTransitions: ...............................................................................
Incorporating case # 14 (video303830216) by user 'none' into workflow 'frustrated'
New Tasks: 
NewTransitions: ...............................................................................................................................................
Incorporating case # 15 (video3100702010) by user 'none' into workflow 'frustrated'
New Tasks: 
NewTransitions: ............................................................................................................................................................................................
Incorporating case # 16 (video3100761046) by user 'none' into workflow 'frustrated'
New Tasks: 
NewTransitions: .......................................................................................................................
Incorporating case # 17 (video3100772051) by user 'none' into workflow 'frustrated'
New Tasks: 
NewTransitions: ..............................................................................................................................................................................................
Incorporating case # 18 (video3344630248) by user 'none' into workflow 'frustrated'
New Tasks: 
NewTransitions: ..............................................................................................................................................................................
Incorporating case # 19 (video334463026) by user 'none' into workflow 'frustrated'
New Tasks: 
NewTransitions: ..................................................................................................................................................................
Incorporating case # 20 (video3344630267) by user 'none' into workflow 'frustrated'
New Tasks: 
NewTransitions: ......................................................................................................................................................................................
Incorporating case # 21 (video3344630270) by user 'none' into workflow 'frustrated'
New Tasks: 
NewTransitions: .....................................................................................................................................................
Incorporating case # 22 (video3344630282) by user 'none' into workflow 'frustrated'
New Tasks: 
NewTransitions: ....................................................................................................................................................................................
Incorporating case # 23 (video33702101480) by user 'none' into workflow 'frustrated'
New Tasks: 
NewTransitions: ....................................................................................................................................................................................................................
Incorporating case # 24 (video4100251012) by user 'none' into workflow 'frustrated'
New Tasks: 
NewTransitions: ..............................................................................................................................................................................
Incorporating case # 25 (video4100251016) by user 'none' into workflow 'frustrated'
New Tasks: 
NewTransitions: .....................................................................................................................................................
Incorporating case # 26 (video4100251063) by user 'none' into workflow 'frustrated'
New Tasks: 
NewTransitions: ............................................................................................................................................
Incorporating case # 27 (video4100261050) by user 'none' into workflow 'frustrated'
New Tasks: 
NewTransitions: .............................................................................................................................................................
Incorporating case # 28 (video4100281029) by user 'none' into workflow 'frustrated'
New Tasks: 
NewTransitions: .....................................................................................................
Incorporating case # 29 (video4100281049) by user 'none' into workflow 'frustrated'
New Tasks: 
NewTransitions: ................................................................................................................
Incorporating case # 30 (video4100281070) by user 'none' into workflow 'frustrated'
New Tasks: 
NewTransitions: ......................................................................................................................
Incorporating case # 31 (video4100291011) by user 'none' into workflow 'frustrated'
New Tasks: 
NewTransitions: ...........................................................................................................................................................................................................................
Incorporating case # 32 (video4100291041) by user 'none' into workflow 'frustrated'
New Tasks: 
NewTransitions: .................................................................................................................................................................
Incorporating case # 33 (video4110211005) by user 'none' into workflow 'frustrated'
New Tasks: 
NewTransitions: .................................................................................................................................
Incorporating case # 34 (video4110211057) by user 'none' into workflow 'frustrated'
New Tasks: 
NewTransitions: .....................................................................................................
Incorporating case # 35 (video4110212041) by user 'none' into workflow 'frustrated'
New Tasks: 
NewTransitions: ................................................................................................................................................
Incorporating case # 36 (video4110311023) by user 'none' into workflow 'frustrated'
New Tasks: 
NewTransitions: ..............................................................................................................................................
Incorporating case # 37 (video5000392060) by user 'none' into workflow 'frustrated'
New Tasks: 
NewTransitions: ........................................................................................
Incorporating case # 38 (video5000951010) by user 'none' into workflow 'frustrated'
New Tasks: 
NewTransitions: ............................................................................................................................................................................
Incorporating case # 39 (video5000952004) by user 'none' into workflow 'frustrated'
New Tasks: 
NewTransitions: ........................................................................................................................................
Incorporating case # 40 (video5100381069) by user 'none' into workflow 'frustrated'
New Tasks: 
NewTransitions: .........................................................................................................................................................................
Incorporating case # 41 (video5100471031) by user 'none' into workflow 'frustrated'
New Tasks: 
NewTransitions: ................................................................................................................................................................................................
Incorporating case # 42 (video5100472042) by user 'none' into workflow 'frustrated'
New Tasks: 
NewTransitions: .......................................................................................................................................................
Incorporating case # 43 (video5564630126) by user 'none' into workflow 'frustrated'
New Tasks: 
NewTransitions: ............................................................................................................................................................................................
Incorporating case # 44 (video567496024) by user 'none' into workflow 'frustrated'
New Tasks: 
NewTransitions: .......................................................................................
Incorporating case # 45 (video79940201300) by user 'none' into workflow 'frustrated'
New Tasks: 
NewTransitions: .................................................................................................................................................
Incorporating case # 46 (video79940201580) by user 'none' into workflow 'frustrated'
New Tasks: 
NewTransitions: ......................................................................................................
Incorporating case # 47 (video8264120123) by user 'none' into workflow 'frustrated'
New Tasks: 
NewTransitions: .................................................................................................................................................................
Incorporating case # 48 (video8264120127) by user 'none' into workflow 'frustrated'
New Tasks: 
NewTransitions: ..................................................................................................................................
Incorporating case # 49 (video8264120141) by user 'none' into workflow 'frustrated'
New Tasks: 
NewTransitions: ..........................................................................................
Incorporating case # 50 (video9289010113) by user 'none' into workflow 'frustrated'
New Tasks: 
NewTransitions: ...................................................................................................................................................................................
Runtime: 2631896

Dumping workflow 'frustrated': training cases (file frustrated.wch), model (file frustrated.wf)
yes
   ?- 
 
